<?xml version="1.0" encoding="UTF-8"?>
<coverage generated="1761124398827" clover="3.2.0">
  <project timestamp="1761124398827" name="All files">
    <metrics statements="15" coveredstatements="12" conditionals="8" coveredconditionals="4" methods="10" coveredmethods="4" elements="33" coveredelements="20" complexity="0" loc="15" ncloc="15" packages="2" files="4" classes="4"/>
    <package name="src">
      <metrics statements="4" coveredstatements="3" conditionals="4" coveredconditionals="2" methods="3" coveredmethods="1"/>
      <file name="App.jsx" path="/Users/tom/Documents/GitHub/Map/src/App.jsx">
        <metrics statements="3" coveredstatements="2" conditionals="4" coveredconditionals="2" methods="3" coveredmethods="1"/>
        <line num="15" count="3" type="stmt"/>
        <line num="16" count="3" type="stmt"/>
        <line num="39" count="0" type="stmt"/>
      </file>
      <file name="i18n.js" path="/Users/tom/Documents/GitHub/Map/src/i18n.js">
        <metrics statements="1" coveredstatements="1" conditionals="0" coveredconditionals="0" methods="0" coveredmethods="0"/>
        <line num="6" count="2" type="stmt"/>
      </file>
    </package>
    <package name="src.components">
      <metrics statements="11" coveredstatements="9" conditionals="4" coveredconditionals="2" methods="7" coveredmethods="3"/>
      <file name="AccessibilityToggle.jsx" path="/Users/tom/Documents/GitHub/Map/src/components/AccessibilityToggle.jsx">
        <metrics statements="8" coveredstatements="6" conditionals="4" coveredconditionals="2" methods="6" coveredmethods="2"/>
        <line num="4" count="3" type="stmt"/>
        <line num="5" count="3" type="stmt"/>
        <line num="7" count="3" type="stmt"/>
        <line num="8" count="3" type="stmt"/>
        <line num="9" count="3" type="stmt"/>
        <line num="12" count="3" type="stmt"/>
        <line num="16" count="0" type="stmt"/>
        <line num="23" count="0" type="stmt"/>
      </file>
      <file name="EventMap.jsx" path="/Users/tom/Documents/GitHub/Map/src/components/EventMap.jsx">
        <metrics statements="3" coveredstatements="3" conditionals="0" coveredconditionals="0" methods="1" coveredmethods="1"/>
        <line num="5" count="3" type="stmt"/>
        <line num="6" count="3" type="stmt"/>
        <line num="9" count="5" type="stmt"/>
      </file>
    </package>
  </project>
</coverage>
