{"/Users/tom/Documents/GitHub/Map/src/App.jsx": {"path":"/Users/tom/Documents/GitHub/Map/src/App.jsx","statementMap":{"0":{"start":{"line":15,"column":28},"end":{"line":15,"column":39}},"1":{"start":{"line":16,"column":2},"end":{"line":50,"column":4}},"2":{"start":{"line":39,"column":31},"end":{"line":39,"column":61}},"3":{"start":{"line":39,"column":51},"end":{"line":39,"column":60}}},"fnMap":{"0":{"name":"App","decl":{"start":{"line":14,"column":9},"end":{"line":14,"column":12}},"loc":{"start":{"line":14,"column":15},"end":{"line":51,"column":1}},"line":14},"1":{"name":"(anonymous_1)","decl":{"start":{"line":39,"column":25},"end":{"line":39,"column":26}},"loc":{"start":{"line":39,"column":31},"end":{"line":39,"column":61}},"line":39},"2":{"name":"(anonymous_2)","decl":{"start":{"line":39,"column":40},"end":{"line":39,"column":41}},"loc":{"start":{"line":39,"column":51},"end":{"line":39,"column":60}},"line":39}},"branchMap":{"0":{"loc":{"start":{"line":22,"column":11},"end":{"line":24,"column":18}},"type":"cond-expr","locations":[{"start":{"line":23,"column":12},"end":{"line":23,"column":67}},{"start":{"line":24,"column":14},"end":{"line":24,"column":18}}],"line":22},"1":{"loc":{"start":{"line":27,"column":11},"end":{"line":29,"column":18}},"type":"cond-expr","locations":[{"start":{"line":28,"column":12},"end":{"line":28,"column":75}},{"start":{"line":29,"column":14},"end":{"line":29,"column":18}}],"line":27}},"s":{"0":3,"1":3,"2":0,"3":0},"f":{"0":3,"1":0,"2":0},"b":{"0":[0,3],"1":[0,3]},"_coverageSchema":"1a1c01bbd47fc00a2c39e90264f33305004495a9","hash":"3c4d6632f5f4d338273df21d67991da7eea790f1"}
,"/Users/tom/Documents/GitHub/Map/src/i18n.js": {"path":"/Users/tom/Documents/GitHub/Map/src/i18n.js","statementMap":{"0":{"start":{"line":6,"column":0},"end":{"line":18,"column":5}}},"fnMap":{},"branchMap":{},"s":{"0":2},"f":{},"b":{},"_coverageSchema":"1a1c01bbd47fc00a2c39e90264f33305004495a9","hash":"e82c3dcf6f8d46b415f771a3296610579ac22fee"}
,"/Users/tom/Documents/GitHub/Map/src/components/AccessibilityToggle.jsx": {"path":"/Users/tom/Documents/GitHub/Map/src/components/AccessibilityToggle.jsx","statementMap":{"0":{"start":{"line":4,"column":42},"end":{"line":4,"column":57}},"1":{"start":{"line":5,"column":36},"end":{"line":5,"column":51}},"2":{"start":{"line":7,"column":2},"end":{"line":10,"column":32}},"3":{"start":{"line":8,"column":4},"end":{"line":8,"column":66}},"4":{"start":{"line":9,"column":4},"end":{"line":9,"column":60}},"5":{"start":{"line":12,"column":2},"end":{"line":29,"column":4}},"6":{"start":{"line":16,"column":23},"end":{"line":16,"column":49}},"7":{"start":{"line":16,"column":46},"end":{"line":16,"column":48}},"8":{"start":{"line":23,"column":23},"end":{"line":23,"column":46}},"9":{"start":{"line":23,"column":43},"end":{"line":23,"column":45}}},"fnMap":{"0":{"name":"AccessibilityToggle","decl":{"start":{"line":3,"column":24},"end":{"line":3,"column":43}},"loc":{"start":{"line":3,"column":46},"end":{"line":30,"column":1}},"line":3},"1":{"name":"(anonymous_1)","decl":{"start":{"line":7,"column":18},"end":{"line":7,"column":19}},"loc":{"start":{"line":7,"column":24},"end":{"line":10,"column":3}},"line":7},"2":{"name":"(anonymous_2)","decl":{"start":{"line":16,"column":17},"end":{"line":16,"column":18}},"loc":{"start":{"line":16,"column":23},"end":{"line":16,"column":49}},"line":16},"3":{"name":"(anonymous_3)","decl":{"start":{"line":16,"column":39},"end":{"line":16,"column":40}},"loc":{"start":{"line":16,"column":46},"end":{"line":16,"column":48}},"line":16},"4":{"name":"(anonymous_4)","decl":{"start":{"line":23,"column":17},"end":{"line":23,"column":18}},"loc":{"start":{"line":23,"column":23},"end":{"line":23,"column":46}},"line":23},"5":{"name":"(anonymous_5)","decl":{"start":{"line":23,"column":36},"end":{"line":23,"column":37}},"loc":{"start":{"line":23,"column":43},"end":{"line":23,"column":45}},"line":23}},"branchMap":{"0":{"loc":{"start":{"line":19,"column":9},"end":{"line":19,"column":44}},"type":"cond-expr","locations":[{"start":{"line":19,"column":24},"end":{"line":19,"column":33}},{"start":{"line":19,"column":36},"end":{"line":19,"column":44}}],"line":19},"1":{"loc":{"start":{"line":26,"column":9},"end":{"line":26,"column":49}},"type":"cond-expr","locations":[{"start":{"line":26,"column":21},"end":{"line":26,"column":34}},{"start":{"line":26,"column":37},"end":{"line":26,"column":49}}],"line":26}},"s":{"0":3,"1":3,"2":3,"3":3,"4":3,"5":3,"6":0,"7":0,"8":0,"9":0},"f":{"0":3,"1":3,"2":0,"3":0,"4":0,"5":0},"b":{"0":[0,3],"1":[0,3]},"_coverageSchema":"1a1c01bbd47fc00a2c39e90264f33305004495a9","hash":"cd6f3245c574333bb07b54837e76a9a36939e000"}
,"/Users/tom/Documents/GitHub/Map/src/components/EventMap.jsx": {"path":"/Users/tom/Documents/GitHub/Map/src/components/EventMap.jsx","statementMap":{"0":{"start":{"line":5,"column":25},"end":{"line":5,"column":64}},"1":{"start":{"line":6,"column":21},"end":{"line":6,"column":23}},"2":{"start":{"line":9,"column":2},"end":{"line":26,"column":4}}},"fnMap":{"0":{"name":"EventMap","decl":{"start":{"line":8,"column":24},"end":{"line":8,"column":32}},"loc":{"start":{"line":8,"column":35},"end":{"line":27,"column":1}},"line":8}},"branchMap":{},"s":{"0":3,"1":3,"2":5},"f":{"0":5},"b":{},"_coverageSchema":"1a1c01bbd47fc00a2c39e90264f33305004495a9","hash":"dc3c7700dbc3194eadf3634555ae7969ec2e2568"}
}
