TN:
SF:src/App.jsx
FN:14,App
FN:39,(anonymous_1)
FN:39,(anonymous_2)
FNF:3
FNH:1
FNDA:3,App
FNDA:0,(anonymous_1)
FNDA:0,(anonymous_2)
DA:15,3
DA:16,3
DA:39,0
LF:3
LH:2
BRDA:22,0,0,0
BRDA:22,0,1,3
BRDA:27,1,0,0
BRDA:27,1,1,3
BRF:4
BRH:2
end_of_record
TN:
SF:src/i18n.js
FNF:0
FNH:0
DA:6,2
LF:1
LH:1
BRF:0
BRH:0
end_of_record
TN:
SF:src/components/AccessibilityToggle.jsx
FN:3,AccessibilityToggle
FN:7,(anonymous_1)
FN:16,(anonymous_2)
FN:16,(anonymous_3)
FN:23,(anonymous_4)
FN:23,(anonymous_5)
FNF:6
FNH:2
FNDA:3,AccessibilityToggle
FNDA:3,(anonymous_1)
FNDA:0,(anonymous_2)
FNDA:0,(anonymous_3)
FNDA:0,(anonymous_4)
FNDA:0,(anonymous_5)
DA:4,3
DA:5,3
DA:7,3
DA:8,3
DA:9,3
DA:12,3
DA:16,0
DA:23,0
LF:8
LH:6
BRDA:19,0,0,0
BRDA:19,0,1,3
BRDA:26,1,0,0
BRDA:26,1,1,3
BRF:4
BRH:2
end_of_record
TN:
SF:src/components/EventMap.jsx
FN:8,EventMap
FNF:1
FNH:1
FNDA:5,EventMap
DA:5,3
DA:6,3
DA:9,5
LF:3
LH:3
BRF:0
BRH:0
end_of_record
